build/app/outputs/mapping/release/mapping.txt
# compiler: R8
# compiler_version: 1.5.64
# min_api: 21
# pg_map_id: bd08e49
...
com.google.android.gms.common.internal.safeparcel.AbstractSafeParcelable -> com.google.android.gms.common.internal.y.a:
com.google.android.gms.common.internal.safeparcel.SafeParcelReader -> com.google.android.gms.common.internal.y.b:
    android.os.Bundle createBundle(android.os.Parcel,int) -> a
    android.os.Parcelable createParcelable(android.os.Parcel,int,android.os.Parcelable$Creator) -> a
    int getFieldId(int) -> a
    int readHeader(android.os.Parcel) -> a
    void zza(android.os.Parcel,int,int) -> a
    void zza(android.os.Parcel,int,int,int) -> a
    byte[] createByteArray(android.os.Parcel,int) -> b
    java.lang.Object[] createTypedArray(android.os.Parcel,int,android.os.Parcelable$Creator) -> b
    int validateObjectHeader(android.os.Parcel) -> b
    java.lang.String createString(android.os.Parcel,int) -> c
    java.util.ArrayList createTypedList(android.os.Parcel,int,android.os.Parcelable$Creator) -> c
    java.lang.String[] createStringArray(android.os.Parcel,int) -> d
    java.util.ArrayList createStringList(android.os.Parcel,int) -> e
    void ensureAtEnd(android.os.Parcel,int) -> f
    boolean readBoolean(android.os.Parcel,int) -> g
    java.lang.Boolean readBooleanObject(android.os.Parcel,int) -> h
    float readFloat(android.os.Parcel,int) -> i
    android.os.IBinder readIBinder(android.os.Parcel,int) -> j
    int readInt(android.os.Parcel,int) -> k
    long readLong(android.os.Parcel,int) -> l
    java.lang.Long readLongObject(android.os.Parcel,int) -> m
    int readSize(android.os.Parcel,int) -> n
    void skipUnknownField(android.os.Parcel,int) -> o
com.google.android.gms.common.internal.safeparcel.SafeParcelReader$ParseException -> com.google.android.gms.common.internal.y.b$a:
com.google.android.gms.common.internal.safeparcel.SafeParcelWriter -> com.google.android.gms.common.internal.y.c:
    int beginObjectHeader(android.os.Parcel) -> a
    void finishObjectHeader(android.os.Parcel,int) -> a
    void writeBoolean(android.os.Parcel,int,boolean) -> a
    void writeBooleanObject(android.os.Parcel,int,java.lang.Boolean,boolean) -> a
    void writeBundle(android.os.Parcel,int,android.os.Bundle,boolean) -> a
    void writeByteArray(android.os.Parcel,int,byte[],boolean) -> a
    void writeFloat(android.os.Parcel,int,float) -> a
    void writeIBinder(android.os.Parcel,int,android.os.IBinder,boolean) -> a
    void writeInt(android.os.Parcel,int,int) -> a
    void writeLong(android.os.Parcel,int,long) -> a
    void writeLongObject(android.os.Parcel,int,java.lang.Long,boolean) -> a
    void writeParcelable(android.os.Parcel,int,android.os.Parcelable,int,boolean) -> a
    void writeString(android.os.Parcel,int,java.lang.String,boolean) -> a
    void writeStringArray(android.os.Parcel,int,java.lang.String[],boolean) -> a
    void writeStringList(android.os.Parcel,int,java.util.List,boolean) -> a
    void writeTypedArray(android.os.Parcel,int,android.os.Parcelable[],int,boolean) -> a
    void zza(android.os.Parcel,android.os.Parcelable,int) -> a
    void writeTypedList(android.os.Parcel,int,java.util.List,boolean) -> b
    int zza(android.os.Parcel,int) -> b
    void zzb(android.os.Parcel,int,int) -> b
    void zzb(android.os.Parcel,int) -> c
com.google.android.gms.common.internal.safeparcel.SafeParcelable -> com.google.android.gms.common.internal.y.d: